<?xml version="1.0" encoding="UTF-8"?>
<!-- Generated by org.testng.reporters.JUnitReportReporter -->
<testsuite hostname="IB-Pune-LAP-200" failures="0" tests="1" name="pojoApproch.PostUsingPOJO" time="2.214" errors="0" timestamp="2022-07-13T20:26:53 IST" skipped="0">
  <testcase classname="pojoApproch.PostUsingPOJO" name="AddPlaceApi" time="2.214"/>
  <system-out/>
</testsuite> <!-- pojoApproch.PostUsingPOJO -->
