<?xml version="1.0" encoding="UTF-8"?>
<!-- Generated by org.testng.reporters.JUnitReportReporter -->
<testsuite hostname="IB-Pune-LAP-200" failures="0" tests="3" name="apiTestCases.CrudTestUsingPOJO" time="7.810" errors="0" timestamp="2022-12-09T14:22:32 IST" skipped="0">
  <testcase classname="apiTestCases.CrudTestUsingPOJO" name="AddPlaceApi" time="6.593"/>
  <system-out/>
  <testcase classname="apiTestCases.CrudTestUsingPOJO" name="ExtractPlaceApi" time="0.524"/>
  <system-out/>
  <testcase classname="apiTestCases.CrudTestUsingPOJO" name="DeletePlaceApi" time="0.693"/>
  <system-out/>
</testsuite> <!-- apiTestCases.CrudTestUsingPOJO -->
