<?xml version="1.0" encoding="UTF-8"?>
<!-- Generated by org.testng.reporters.JUnitReportReporter -->
<testsuite hostname="IB-Pune-LAP-200" failures="0" tests="1" name="automationFramework.DataProviderTest" time="3.943" errors="0" timestamp="2022-11-22T14:06:59 IST" skipped="0">
  <testcase classname="automationFramework.DataProviderTest" name="test" time="3.943"/>
  <system-out/>
</testsuite> <!-- automationFramework.DataProviderTest -->
