<?xml version="1.0" encoding="UTF-8"?>
<!-- Generated by org.testng.reporters.JUnitReportReporter -->
<testsuite hostname="IB-Pune-LAP-200" failures="0" tests="12" name="RestAssured.ExcelDriven.AccessExcelData" time="0.021" errors="0" timestamp="2022-11-15T10:50:45 IST" skipped="0">
  <testcase classname="RestAssured.ExcelDriven.AccessExcelData" name="getdata" time="0.001"/>
  <system-out/>
  <testcase classname="RestAssured.ExcelDriven.AccessExcelData" name="getdata" time="0.001"/>
  <system-out/>
  <testcase classname="RestAssured.ExcelDriven.AccessExcelData" name="getdata" time="0.001"/>
  <system-out/>
  <testcase classname="RestAssured.ExcelDriven.AccessExcelData" name="getdata" time="0.001"/>
  <system-out/>
  <testcase classname="RestAssured.ExcelDriven.AccessExcelData" name="getdata" time="0.002"/>
  <system-out/>
  <testcase classname="RestAssured.ExcelDriven.AccessExcelData" name="getdata" time="0.002"/>
  <system-out/>
  <testcase classname="RestAssured.ExcelDriven.AccessExcelData" name="getdata" time="0.001"/>
  <system-out/>
  <testcase classname="RestAssured.ExcelDriven.AccessExcelData" name="getdata" time="0.001"/>
  <system-out/>
  <testcase classname="RestAssured.ExcelDriven.AccessExcelData" name="getdata" time="0.001"/>
  <system-out/>
  <testcase classname="RestAssured.ExcelDriven.AccessExcelData" name="getdata" time="0.001"/>
  <system-out/>
  <testcase classname="RestAssured.ExcelDriven.AccessExcelData" name="getdata" time="0.009"/>
  <system-out/>
  <testcase classname="RestAssured.ExcelDriven.AccessExcelData" name="getdata" time="0.000"/>
  <system-out/>
</testsuite> <!-- RestAssured.ExcelDriven.AccessExcelData -->
