<?xml version="1.0" encoding="UTF-8"?>
<!-- Generated by org.testng.reporters.JUnitReportReporter -->
<testsuite hostname="IB-Pune-LAP-200" failures="0" tests="4" name="library.CRUDBookApi" time="5.162" errors="0" timestamp="2022-12-02T16:23:46 IST" skipped="0">
  <testcase classname="library.CRUDBookApi" name="AddBookApi" time="4.725"/>
  <system-out/>
  <testcase classname="library.CRUDBookApi" name="GetBookByID" time="0.180"/>
  <system-out/>
  <testcase classname="library.CRUDBookApi" name="GetBookByAuthor" time="0.132"/>
  <system-out/>
  <testcase classname="library.CRUDBookApi" name="DeleteBookApi" time="0.125"/>
  <system-out/>
</testsuite> <!-- library.CRUDBookApi -->
