<?xml version="1.0" encoding="UTF-8"?>
<!-- Generated by org.testng.reporters.JUnitReportReporter -->
<testsuite hostname="IB-Pune-LAP-200" failures="0" tests="4" name="libraryApi.CRUDBookApi" time="3.810" errors="0" timestamp="2022-11-17T11:55:16 IST" skipped="0">
  <testcase classname="libraryApi.CRUDBookApi" name="AddBookApi" time="2.301"/>
  <system-out/>
  <testcase classname="libraryApi.CRUDBookApi" name="GetBookByID" time="0.172"/>
  <system-out/>
  <testcase classname="libraryApi.CRUDBookApi" name="GetBookByAuthor" time="1.165"/>
  <system-out/>
  <testcase classname="libraryApi.CRUDBookApi" name="DeleteBookApi" time="0.172"/>
  <system-out/>
</testsuite> <!-- libraryApi.CRUDBookApi -->
