<?xml version="1.0" encoding="UTF-8"?>
<!-- Generated by org.testng.reporters.JUnitReportReporter -->
<testsuite hostname="IB-Pune-LAP-200" failures="0" tests="1" name="logging.test" time="3.098" errors="0" timestamp="2022-12-13T12:15:40 IST" skipped="0">
  <testcase classname="logging.test" name="createUser" time="3.098"/>
  <system-out/>
</testsuite> <!-- logging.test -->
