<?xml version="1.0" encoding="UTF-8"?>
<!-- Generated by org.testng.reporters.JUnitReportReporter -->
<testsuite hostname="IB-Pune-LAP-200" failures="0" tests="2" name="pojo.JsonArraySerialization" time="0.265" errors="0" timestamp="2022-12-01T17:47:39 IST" skipped="0">
  <testcase classname="pojo.JsonArraySerialization" name="createJsonArrayFromPOJO" time="0.233"/>
  <system-out/>
  <testcase classname="pojo.JsonArraySerialization" name="getPOJOFromObject" time="0.032"/>
  <system-out/>
</testsuite> <!-- pojo.JsonArraySerialization -->
