<?xml version="1.0" encoding="UTF-8"?>
<!-- Generated by org.testng.reporters.JUnitReportReporter -->
<testsuite hostname="IB-Pune-LAP-200" failures="0" tests="6" name="dataProvider.Data2" time="0.032" errors="0" timestamp="2022-07-16T20:22:04 IST" skipped="0">
  <testcase classname="dataProvider.Data2" name="Basic" time="0.002"/>
  <system-out/>
  <testcase classname="dataProvider.Data2" name="Basic" time="0.002"/>
  <system-out/>
  <testcase classname="dataProvider.Data2" name="Basic" time="0.022"/>
  <system-out/>
  <testcase classname="dataProvider.Data2" name="Basic" time="0.001"/>
  <system-out/>
  <testcase classname="dataProvider.Data2" name="Basic" time="0.003"/>
  <system-out/>
  <testcase classname="dataProvider.Data2" name="Basic" time="0.002"/>
  <system-out/>
</testsuite> <!-- dataProvider.Data2 -->
