<?xml version="1.0" encoding="UTF-8"?>
<!-- Generated by org.testng.reporters.JUnitReportReporter -->
<testsuite hostname="IB-Pune-LAP-200" failures="0" tests="1" name="logging.GoRestApi" time="3.523" errors="0" timestamp="2022-12-13T12:30:27 IST" skipped="0">
  <testcase classname="logging.GoRestApi" name="createUser" time="3.523"/>
  <system-out/>
</testsuite> <!-- logging.GoRestApi -->
