<?xml version="1.0" encoding="UTF-8"?>
<!-- Generated by org.testng.reporters.JUnitReportReporter -->
<testsuite hostname="IB-Pune-LAP-200" failures="0" tests="3" name="dataProvider.Data1" time="0.013" errors="0" timestamp="2022-07-16T20:00:30 IST" skipped="0">
  <testcase classname="dataProvider.Data1" name="Basic" time="0.001"/>
  <system-out/>
  <testcase classname="dataProvider.Data1" name="Basic" time="0.001"/>
  <system-out/>
  <testcase classname="dataProvider.Data1" name="Basic" time="0.011"/>
  <system-out/>
</testsuite> <!-- dataProvider.Data1 -->
