<?xml version="1.0" encoding="UTF-8"?>
<!-- Generated by org.testng.reporters.JUnitReportReporter -->
<testsuite hostname="IB-Pune-LAP-200" failures="0" tests="4" name="libraryApi.addBook" time="4.102" errors="0" timestamp="2022-07-18T14:43:04 IST" skipped="0">
  <testcase classname="libraryApi.addBook" name="AddBookApi" time="2.698"/>
  <system-out/>
  <testcase classname="libraryApi.addBook" name="GetBookByID" time="0.176"/>
  <system-out/>
  <testcase classname="libraryApi.addBook" name="GetBookByAuthor" time="0.225"/>
  <system-out/>
  <testcase classname="libraryApi.addBook" name="DeleteBookApi" time="1.003"/>
  <system-out/>
</testsuite> <!-- libraryApi.addBook -->
